towerd/build/outputs/logs/manifest-merger-debug-report.txt
-- Merging decision tree log ---
manifest
ADDED from AndroidManifest.xml:2:1
	xmlns:android
		ADDED from AndroidManifest.xml:2:11
	package
		ADDED from AndroidManifest.xml:3:5
		INJECTED from AndroidManifest.xml:0:0
		INJECTED from AndroidManifest.xml:0:0
	android:versionName
		INJECTED from AndroidManifest.xml:0:0
		INJECTED from AndroidManifest.xml:0:0
	android:versionCode
		INJECTED from AndroidManifest.xml:0:0
		INJECTED from AndroidManifest.xml:0:0
uses-permission#android.permission.INTERNET
ADDED from AndroidManifest.xml:4:5
	android:name
		ADDED from AndroidManifest.xml:4:22
compatible-screens
ADDED from AndroidManifest.xml:5:5
screen#small+ldpi
ADDED from AndroidManifest.xml:6:9
	android:screenSize
		ADDED from AndroidManifest.xml:8:13
	android:screenDensity
		ADDED from AndroidManifest.xml:7:13
screen#small+mdpi
ADDED from AndroidManifest.xml:9:9
	android:screenSize
		ADDED from AndroidManifest.xml:11:13
	android:screenDensity
		ADDED from AndroidManifest.xml:10:13
screen#small+hdpi
ADDED from AndroidManifest.xml:12:9
	android:screenSize
		ADDED from AndroidManifest.xml:14:13
	android:screenDensity
		ADDED from AndroidManifest.xml:13:13
screen#small+xhdpi
ADDED from AndroidManifest.xml:15:9
	android:screenSize
		ADDED from AndroidManifest.xml:17:13
	android:screenDensity
		ADDED from AndroidManifest.xml:16:13
screen#normal+ldpi
ADDED from AndroidManifest.xml:18:9
	android:screenSize
		ADDED from AndroidManifest.xml:20:13
	android:screenDensity
		ADDED from AndroidManifest.xml:19:13
screen#normal+mdpi
ADDED from AndroidManifest.xml:21:9
	android:screenSize
		ADDED from AndroidManifest.xml:23:13
	android:screenDensity
		ADDED from AndroidManifest.xml:22:13
screen#normal+hdpi
ADDED from AndroidManifest.xml:24:9
	android:screenSize
		ADDED from AndroidManifest.xml:26:13
	android:screenDensity
		ADDED from AndroidManifest.xml:25:13
screen#normal+xhdpi
ADDED from AndroidManifest.xml:27:9
	android:screenSize
		ADDED from AndroidManifest.xml:29:13
	android:screenDensity
		ADDED from AndroidManifest.xml:28:13
screen#large+ldpi
ADDED from AndroidManifest.xml:30:9
	android:screenSize
		ADDED from AndroidManifest.xml:32:13
	android:screenDensity
		ADDED from AndroidManifest.xml:31:13
screen#large+mdpi
ADDED from AndroidManifest.xml:33:9
	android:screenSize
		ADDED from AndroidManifest.xml:35:13
	android:screenDensity
		ADDED from AndroidManifest.xml:34:13
screen#large+hdpi
ADDED from AndroidManifest.xml:36:9
	android:screenSize
		ADDED from AndroidManifest.xml:38:13
	android:screenDensity
		ADDED from AndroidManifest.xml:37:13
screen#large+xhdpi
ADDED from AndroidManifest.xml:39:9
	android:screenSize
		ADDED from AndroidManifest.xml:41:13
	android:screenDensity
		ADDED from AndroidManifest.xml:40:13
screen#xlarge+ldpi
ADDED from AndroidManifest.xml:42:9
	android:screenSize
		ADDED from AndroidManifest.xml:44:13
	android:screenDensity
		ADDED from AndroidManifest.xml:43:13
screen#xlarge+mdpi
ADDED from AndroidManifest.xml:45:9
	android:screenSize
		ADDED from AndroidManifest.xml:47:13
	android:screenDensity
		ADDED from AndroidManifest.xml:46:13
screen#xlarge+hdpi
ADDED from AndroidManifest.xml:48:9
	android:screenSize
		ADDED from AndroidManifest.xml:50:13
	android:screenDensity
		ADDED from AndroidManifest.xml:49:13
screen#xlarge+xhdpi
ADDED from AndroidManifest.xml:51:9
	android:screenSize
		ADDED from AndroidManifest.xml:53:13
	android:screenDensity
		ADDED from AndroidManifest.xml:52:13
supports-screens
ADDED from AndroidManifest.xml:55:5
	android:largeScreens
		ADDED from AndroidManifest.xml:58:9
	android:anyDensity
		ADDED from AndroidManifest.xml:60:9
	android:requiresSmallestWidthDp
		ADDED from AndroidManifest.xml:61:9
	android:normalScreens
		ADDED from AndroidManifest.xml:57:9
	android:xlargeScreens
		ADDED from AndroidManifest.xml:59:9
	android:smallScreens
		ADDED from AndroidManifest.xml:56:9
application
ADDED from AndroidManifest.xml:62:5
MERGED from com.android.support:appcompat-v7:23.0.1:22:5
MERGED from com.android.support:support-v4:23.0.1:22:5
	android:label
		ADDED from AndroidManifest.xml:65:9
	android:allowBackup
		ADDED from AndroidManifest.xml:63:9
	android:icon
		ADDED from AndroidManifest.xml:64:9
	android:theme
		ADDED from AndroidManifest.xml:66:9
activity#se.mah.ac9511.towerd.MainActivity
ADDED from AndroidManifest.xml:67:9
	android:screenOrientation
		ADDED from AndroidManifest.xml:69:13
	android:label
		ADDED from AndroidManifest.xml:70:13
	android:name
		ADDED from AndroidManifest.xml:68:13
intent-filter#android.intent.action.MAIN+android.intent.category.LAUNCHER
ADDED from AndroidManifest.xml:71:13
action#android.intent.action.MAIN
ADDED from AndroidManifest.xml:72:17
	android:name
		ADDED from AndroidManifest.xml:72:25
category#android.intent.category.LAUNCHER
ADDED from AndroidManifest.xml:74:17
	android:name
		ADDED from AndroidManifest.xml:74:27
uses-sdk
INJECTED from AndroidManifest.xml:0:0 reason: use-sdk injection requested
MERGED from com.android.support:appcompat-v7:23.0.1:20:5
MERGED from com.android.support:support-v4:23.0.1:20:5
	android:targetSdkVersion
		INJECTED from AndroidManifest.xml:0:0
		INJECTED from AndroidManifest.xml:0:0
	android:minSdkVersion
		INJECTED from AndroidManifest.xml:0:0
		INJECTED from AndroidManifest.xml:0:0